Arguments: 
  D:\Program Files\nodejs\node.exe C:\Program Files (x86)\Yarn\bin\yarn.js version

PATH: 
  D:\Program Files (x86)\cmder\vendor\conemu-maximus5\ConEmu\Scripts;D:\Program Files (x86)\cmder\vendor\conemu-maximus5;D:\Program Files (x86)\cmder\vendor\conemu-maximus5\ConEmu;C:\ProgramData\Oracle\Java\javapath;C:\Windows\system32;C:\Windows;C:\Windows\System32\Wbem;C:\Windows\System32\WindowsPowerShell\v1.0\;C:\Program Files (x86)\NVIDIA Corporation\PhysX\Common;C:\WINDOWS\system32;C:\WINDOWS;C:\WINDOWS\System32\Wbem;C:\WINDOWS\System32\WindowsPowerShell\v1.0\;C:\FFMPEG\bin;D:\Program Files (x86)\Skype\Phone\;C:\Program Files\RedHat\java-1.9.0-openjdk-1.9.0.1-1\bin;C:\Program Files (x86)\Windows Kits\8.1\Windows Performance Toolkit\;D:\cygwin64\bin;C:\MinGW\bin;C:\ProgramData\chocolatey\bin;C:\Program Files\Git\cmd;C:\Users\Rohan\AppData\Local\Programs\Python\Python35-32;D:\Program Files\nodejs\;C:\Program Files (x86)\Skype\Phone\;C:\Users\Rohan\AppData\Local\Microsoft\WindowsApps;C:\Users\Rohan\AppData\Local\Microsoft\WindowsApps;C:\Program Files\Microsoft VS Code\bin;D:\Program Files\LLVM\bin;C:\Users\Rohan\AppData\Local\Programs\Python\Python35-32\;C:\Program Files (x86)\Yarn\bin;C:\Users\Rohan\AppData\Roaming\npm

Yarn version: 
  1.6.0

Node version: 
  10.0.0

Platform: 
  win32 x64

Trace: 
  Error: canceled
      at Interface.<anonymous> (C:\Program Files (x86)\Yarn\lib\cli.js:129516:13)
      at Interface.emit (events.js:182:13)
      at Interface._ttyWrite (readline.js:778:16)
      at ReadStream.onkeypress (readline.js:163:10)
      at ReadStream.emit (events.js:182:13)
      at emitKeys (internal/readline.js:422:14)
      at emitKeys.next (<anonymous>)
      at ReadStream.onData (readline.js:1014:36)
      at ReadStream.emit (events.js:182:13)
      at addChunk (_stream_readable.js:280:12)

npm manifest: 
  {
    "name": "commonvideoparser",
    "version": "1.0.0",
    "description": "Gets video info from popular video sites (Youtube, Vimeo, Dailymotion, Google Drive)",
    "main": "index.js",
    "module": "main.js",
    "scripts": {
      "test": "echo \"Error: no test specified\" && exit 1"
    },
    "author": "Rohan C",
    "license": "MIT",
    "dependencies": {
      "axios": "^0.18.0",
      "esm": "^3.0.26",
      "moment": "^2.22.1",
      "moment-duration-format": "^2.2.2",
      "vimeo": "^2.0.2"
    },
    "devDependencies": {
      "jsdoc": "^3.5.5"
    }
  }

yarn manifest: 
  No manifest

Lockfile: 
  # THIS IS AN AUTOGENERATED FILE. DO NOT EDIT THIS FILE DIRECTLY.
  # yarn lockfile v1
  
  
  axios@^0.18.0:
    version "0.18.0"
    resolved "https://registry.yarnpkg.com/axios/-/axios-0.18.0.tgz#32d53e4851efdc0a11993b6cd000789d70c05102"
    dependencies:
      follow-redirects "^1.3.0"
      is-buffer "^1.1.5"
  
  babylon@7.0.0-beta.19:
    version "7.0.0-beta.19"
    resolved "https://registry.yarnpkg.com/babylon/-/babylon-7.0.0-beta.19.tgz#e928c7e807e970e0536b078ab3e0c48f9e052503"
  
  bluebird@~3.5.0:
    version "3.5.1"
    resolved "https://registry.yarnpkg.com/bluebird/-/bluebird-3.5.1.tgz#d9551f9de98f1fcda1e683d17ee91a0602ee2eb9"
  
  buffer-from@^0.1.1:
    version "0.1.2"
    resolved "https://registry.yarnpkg.com/buffer-from/-/buffer-from-0.1.2.tgz#15f4b9bcef012044df31142c14333caf6e0260d0"
  
  catharsis@~0.8.9:
    version "0.8.9"
    resolved "https://registry.yarnpkg.com/catharsis/-/catharsis-0.8.9.tgz#98cc890ca652dd2ef0e70b37925310ff9e90fc8b"
    dependencies:
      underscore-contrib "~0.3.0"
  
  debug@^3.1.0:
    version "3.1.0"
    resolved "https://registry.yarnpkg.com/debug/-/debug-3.1.0.tgz#5bb5a0672628b64149566ba16819e61518c67261"
    dependencies:
      ms "2.0.0"
  
  escape-string-regexp@~1.0.5:
    version "1.0.5"
    resolved "https://registry.yarnpkg.com/escape-string-regexp/-/escape-string-regexp-1.0.5.tgz#1b61c0562190a8dff6ae3bb2cf0200ca130b86d4"
  
  esm@^3.0.26:
    version "3.0.26"
    resolved "https://registry.yarnpkg.com/esm/-/esm-3.0.26.tgz#9c1bea4ea53fa8cebcf023792668be79da883e1d"
  
  extend@^3.0.0:
    version "3.0.1"
    resolved "https://registry.yarnpkg.com/extend/-/extend-3.0.1.tgz#a755ea7bc1adfcc5a31ce7e762dbaadc5e636444"
  
  follow-redirects@^1.3.0:
    version "1.4.1"
    resolved "https://registry.yarnpkg.com/follow-redirects/-/follow-redirects-1.4.1.tgz#d8120f4518190f55aac65bb6fc7b85fcd666d6aa"
    dependencies:
      debug "^3.1.0"
  
  graceful-fs@^4.1.9:
    version "4.1.11"
    resolved "https://registry.yarnpkg.com/graceful-fs/-/graceful-fs-4.1.11.tgz#0e8bdfe4d1ddb8854d64e04ea7c00e2a026e5658"
  
  is-buffer@^1.1.5:
    version "1.1.6"
    resolved "https://registry.yarnpkg.com/is-buffer/-/is-buffer-1.1.6.tgz#efaa2ea9daa0d7ab2ea13a97b2b8ad51fefbe8be"
  
  js2xmlparser@~3.0.0:
    version "3.0.0"
    resolved "https://registry.yarnpkg.com/js2xmlparser/-/js2xmlparser-3.0.0.tgz#3fb60eaa089c5440f9319f51760ccd07e2499733"
    dependencies:
      xmlcreate "^1.0.1"
  
  jsdoc@^3.5.5:
    version "3.5.5"
    resolved "https://registry.yarnpkg.com/jsdoc/-/jsdoc-3.5.5.tgz#484521b126e81904d632ff83ec9aaa096708fa4d"
    dependencies:
      babylon "7.0.0-beta.19"
      bluebird "~3.5.0"
      catharsis "~0.8.9"
      escape-string-regexp "~1.0.5"
      js2xmlparser "~3.0.0"
      klaw "~2.0.0"
      marked "~0.3.6"
      mkdirp "~0.5.1"
      requizzle "~0.2.1"
      strip-json-comments "~2.0.1"
      taffydb "2.6.2"
      underscore "~1.8.3"
  
  klaw@~2.0.0:
    version "2.0.0"
    resolved "https://registry.yarnpkg.com/klaw/-/klaw-2.0.0.tgz#59c128e0dc5ce410201151194eeb9cbf858650f6"
    dependencies:
      graceful-fs "^4.1.9"
  
  lodash.throttle@^4.1.1:
    version "4.1.1"
    resolved "https://registry.yarnpkg.com/lodash.throttle/-/lodash.throttle-4.1.1.tgz#c23e91b710242ac70c37f1e1cda9274cc39bf2f4"
  
  marked@~0.3.6:
    version "0.3.19"
    resolved "https://registry.yarnpkg.com/marked/-/marked-0.3.19.tgz#5d47f709c4c9fc3c216b6d46127280f40b39d790"
  
  minimist@0.0.8:
    version "0.0.8"
    resolved "https://registry.yarnpkg.com/minimist/-/minimist-0.0.8.tgz#857fcabfc3397d2625b8228262e86aa7a011b05d"
  
  mkdirp@~0.5.1:
    version "0.5.1"
    resolved "https://registry.yarnpkg.com/mkdirp/-/mkdirp-0.5.1.tgz#30057438eac6cf7f8c4767f38648d6697d75c903"
    dependencies:
      minimist "0.0.8"
  
  moment-duration-format@^2.2.2:
    version "2.2.2"
    resolved "https://registry.yarnpkg.com/moment-duration-format/-/moment-duration-format-2.2.2.tgz#b957612de26016c9ad9eb6087c054573e5127779"
  
  moment@^2.22.1:
    version "2.22.1"
    resolved "https://registry.yarnpkg.com/moment/-/moment-2.22.1.tgz#529a2e9bf973f259c9643d237fda84de3a26e8ad"
  
  ms@2.0.0:
    version "2.0.0"
    resolved "https://registry.yarnpkg.com/ms/-/ms-2.0.0.tgz#5608aeadfc00be6c2901df5f9861788de0d597c8"
  
  requizzle@~0.2.1:
    version "0.2.1"
    resolved "https://registry.yarnpkg.com/requizzle/-/requizzle-0.2.1.tgz#6943c3530c4d9a7e46f1cddd51c158fc670cdbde"
    dependencies:
      underscore "~1.6.0"
  
  resolve-url@^0.2.1:
    version "0.2.1"
    resolved "https://registry.yarnpkg.com/resolve-url/-/resolve-url-0.2.1.tgz#2c637fe77c893afd2a663fe21aa9080068e2052a"
  
  strip-json-comments@~2.0.1:
    version "2.0.1"
    resolved "https://registry.yarnpkg.com/strip-json-comments/-/strip-json-comments-2.0.1.tgz#3c531942e908c2697c0ec344858c286c7ca0a60a"
  
  taffydb@2.6.2:
    version "2.6.2"
    resolved "https://registry.yarnpkg.com/taffydb/-/taffydb-2.6.2.tgz#7cbcb64b5a141b6a2efc2c5d2c67b4e150b2a268"
  
  tus-js-client@^1.4.5:
    version "1.5.1"
    resolved "https://registry.yarnpkg.com/tus-js-client/-/tus-js-client-1.5.1.tgz#6e1856f5d523cb8f7389fbca51653ccd12bb8d13"
    dependencies:
      buffer-from "^0.1.1"
      extend "^3.0.0"
      lodash.throttle "^4.1.1"
      resolve-url "^0.2.1"
  
  underscore-contrib@~0.3.0:
    version "0.3.0"
    resolved "https://registry.yarnpkg.com/underscore-contrib/-/underscore-contrib-0.3.0.tgz#665b66c24783f8fa2b18c9f8cbb0e2c7d48c26c7"
    dependencies:
      underscore "1.6.0"
  
  underscore@1.6.0, underscore@~1.6.0:
    version "1.6.0"
    resolved "https://registry.yarnpkg.com/underscore/-/underscore-1.6.0.tgz#8b38b10cacdef63337b8b24e4ff86d45aea529a8"
  
  underscore@~1.8.3:
    version "1.8.3"
    resolved "https://registry.yarnpkg.com/underscore/-/underscore-1.8.3.tgz#4f3fb53b106e6097fcf9cb4109f2a5e9bdfa5022"
  
  vimeo@^2.0.2:
    version "2.0.2"
    resolved "https://registry.yarnpkg.com/vimeo/-/vimeo-2.0.2.tgz#ae6bd9840b25a55601fb1e1c9209354507114794"
    dependencies:
      tus-js-client "^1.4.5"
  
  xmlcreate@^1.0.1:
    version "1.0.2"
    resolved "https://registry.yarnpkg.com/xmlcreate/-/xmlcreate-1.0.2.tgz#fa6bf762a60a413fb3dd8f4b03c5b269238d308f"
